399.86940774 0.991253749328 10.0190129959 -1e-08 306762 0.099
290.425292886 0.989886771815 10.0194650174 -1e-08 306798 0.1038
275.206812315 0.989238450863 10.0249357081 -1e-08 306848 0.1129
311.51583168 0.989089846776 10.0309802527 -1e-08 306863 0.1114
342.337508912 0.991042686721 10.0433453959 -1e-08 306793 0.1145
323.646905237 0.990704672041 10.0365857317 -1e-08 306799 0.1193
310.758793709 0.991092205588 10.032252322 -1e-08 306815 0.118
256.852168275 0.992915421509 10.0343992377 -1e-08 306832 0.1181
225.678206109 0.99755306153 10.0452769188 -1e-08 306852 0.1309
162.479834663 1.00098576339 10.0438027245 -1e-08 306894 0.1324
164.975375511 1.00321038949 10.0325613492 -1e-08 306884 0.133
147.413653317 1.00548109797 10.0279250505 -1e-08 306886 0.1399
146.250962059 1.00910407585 10.0304428007 -1e-08 306888 0.1558
138.799956437 1.01214632469 10.0263949767 -1e-08 306877 0.1489
133.493679669 1.0157611561 10.0274765076 -1e-08 306886 0.1527
136.879247968 1.01878078598 10.0225430889 -1e-08 306856 0.1438
106.298853821 1.02181356747 10.0204571301 -1e-08 306918 0.1493
107.457577701 1.02447781538 10.0175268692 -1e-08 306863 0.1375
120.505939291 1.02934740827 10.0207333281 -1e-08 306895 0.152
100.766633201 1.03267373487 10.0180275915 -1e-08 306910 0.141
126.438574716 1.03717921469 10.0184325996 -1e-08 306847 0.1308
86.8541834243 1.04274493091 10.0205418315 -1e-08 306917 0.1239
104.867785529 1.04849355451 10.021251646 -1e-08 306889 0.1245
109.178153711 1.05349748921 10.0166502376 -1e-08 306887 0.1347
98.3192124296 1.05941542383 10.0159313133 -1e-08 306885 0.1345
85.2706362392 1.06547815541 10.0197527443 -1e-08 306934 0.1287
122.073785572 1.07233760356 10.0188592279 -1e-08 306871 0.1483
142.397968505 1.08346901034 10.0279142468 -1e-08 306830 0.1422
112.357376043 1.09325840505 10.0297508368 -1e-08 306872 0.1517
107.436653128 1.10364335759 10.0383362159 -1e-08 306878 0.141
99.036684905 1.11121713854 10.0336614768 -1e-08 306912 0.1495
93.4363715493 1.11998823555 10.0363754709 -1e-08 306909 0.1414
128.211671902 1.13092445824 10.0391061455 -1e-08 306848 0.1439
122.084186685 1.14332100047 10.0444177668 -1e-08 306875 0.1444
92.044495643 1.15392501479 10.0483878915 -1e-08 306874 0.1307
105.409345537 1.16276575586 10.0388638804 -1e-08 306896 0.1352
117.57678914 1.17340335959 10.0389046701 -1e-08 306869 0.1336
119.520260999 1.18439220921 10.0416504069 -1e-08 306853 0.1405
123.631602668 1.19684417549 10.0446921024 -1e-08 306835 0.1324
141.046636092 1.20937510153 10.0410894548 -1e-08 306831 0.1355
94.5384025301 1.2194761335 10.0349807333 -1e-08 306884 0.1369
77.1961178146 1.23001803633 10.0402366499 -1e-08 306904 0.1203
92.0445675035 1.23988887154 10.0333791747 -1e-08 306916 0.1321
109.562692086 1.25170674392 10.0344801445 -1e-08 306843 0.1373
93.2697394067 1.26541994456 10.0425972874 -1e-08 306910 0.1519
114.965037612 1.27939842743 10.0428288366 -1e-08 306874 0.1357
90.3918878117 1.2916770683 10.038662708 -1e-08 306908 0.1447
111.133066327 1.30545437729 10.0418910759 -1e-08 306880 0.1401
103.81488025 1.3202678945 10.0466598811 -1e-08 306913 0.1478
109.203509723 1.3380483934 10.06231295 -1e-08 306844 0.141
97.2151831789 1.35164274049 10.0548441535 -1e-08 306868 0.143
91.0140529392 1.36645601805 10.056130879 -1e-08 306878 0.1405
87.0452179575 1.38126461333 10.0637468746 -1e-08 306896 0.1395
98.0521666775 1.39604368314 10.0622673444 -1e-08 306899 0.1365
100.829186663 1.41301472006 10.0698735111 -1e-08 306891 0.1276
90.1809262129 1.42846159319 10.0688395018 -1e-08 306872 0.1296
97.8903001925 1.44888105699 10.080980299 -1e-08 306875 0.1425
80.8746182279 1.46509776581 10.0862042768 -1e-08 306931 0.148
99.9968775237 1.48234902442 10.0909640846 -1e-08 306863 0.1379
104.822445395 1.50801905034 10.1114640096 -1e-08 306854 0.1325
100.310562948 1.53083822834 10.1175191079 -1e-08 306875 0.1465
96.2141099381 1.55653717865 10.1483667574 -1e-08 306875 0.1458
68.8625788893 1.5781151134 10.1555505711 -1e-08 306909 0.1421
71.0683435348 1.59888325207 10.1758748559 -1e-08 306949 0.1376
76.2606098207 1.62239468067 10.177729444 -1e-08 306905 0.134
78.2660383492 1.65022578554 10.190366974 -1e-08 306902 0.1327
100.236265962 1.67435345516 10.180117752 -1e-08 306898 0.1441
73.257948449 1.70041894458 10.1677764779 -1e-08 306916 0.1353
90.3188641415 1.72716177251 10.1659999264 -1e-08 306869 0.1475
89.1603161382 1.75357964717 10.1713580884 -1e-08 306875 0.1505
83.3183887869 1.77930423666 10.1704864105 -1e-08 306880 0.1552
80.5926913217 1.81013050523 10.1931404083 -1e-08 306888 0.1406
86.6758756666 1.83882365426 10.1791214018 -1e-08 306879 0.1375
80.7420649228 1.86790974385 10.2014338375 -1e-08 306924 0.145
96.3272240667 1.8998917793 10.2112865512 -1e-08 306891 0.152
79.2036443973 1.92999897267 10.2216386814 -1e-08 306918 0.1451
58.8174456055 1.96560353449 10.2475471664 -1e-08 306905 0.1374
108.236083918 1.9989114591 10.2330750652 -1e-08 306865 0.1363
74.9830119711 2.02937549043 10.2637490213 -1e-08 306940 0.1526
94.381557066 2.0662635542 10.2531594755 -1e-08 306870 0.1463
83.1694396268 2.09804456492 10.2666563453 -1e-08 306926 0.1549
73.2513733367 2.12290190875 10.2441749505 -1e-08 306906 0.1479
65.4671391348 2.1519426951 10.2567951304 -1e-08 306956 0.148
102.194032707 2.18052255323 10.2438853436 -1e-08 306847 0.1312
60.8869572338 2.21370685948 10.2677086353 -1e-08 306916 0.1429
71.578721611 2.24717314467 10.2813571691 -1e-08 306914 0.1472
85.5161798461 2.27414044427 10.2599102868 -1e-08 306914 0.1554
76.0745723386 2.31480012759 10.3105692376 -1e-08 306904 0.1493
92.6695378218 2.36028759693 10.3412675674 -1e-08 306881 0.1569
76.1423884615 2.39332435237 10.3162190499 -1e-08 306897 0.1528
83.7709924957 2.43557923796 10.3499441738 -1e-08 306907 0.1518
75.8133207244 2.47214612587 10.3414794041 -1e-08 306907 0.1531
91.871429729 2.50486672106 10.3385675033 -1e-08 306880 0.1441
76.1019186822 2.54729239686 10.3863598149 -1e-08 306904 0.1493
82.6847031065 2.59208997028 10.4385320323 -1e-08 306894 0.1476
82.801762961 2.62064058147 10.4029554265 -1e-08 306921 0.1605
76.7377320373 2.65956320864 10.3927376203 -1e-08 306894 0.1332
88.0607596561 2.69802944858 10.3682198599 -1e-08 306887 0.1514
77.6405945235 2.73168178027 10.362984223 -1e-08 306876 0.1525
93.3960807613 2.77469592655 10.3936363508 -1e-08 306864 0.1573
97.7594020108 2.81808908566 10.408579093 -1e-08 306875 0.1516
73.9837135433 2.85771356702 10.4088621457 -1e-08 306876 0.1504
89.0292239487 2.90672528517 10.4401145453 -1e-08 306873 0.1422
63.3033116382 2.95469075666 10.4456280544 -1e-08 306895 0.1482
64.0857102201 2.99432690014 10.4511950731 -1e-08 306916 0.153
79.1712669824 3.03238986629 10.434616805 -1e-08 306895 0.1494
95.0301943799 3.07493517207 10.4303892964 -1e-08 306850 0.1584
81.2502531912 3.11554468566 10.4394547417 -1e-08 306871 0.154
91.7258327344 3.16079603027 10.4512062232 -1e-08 306846 0.1652
85.7949297246 3.20219757596 10.4618784019 -1e-08 306918 0.1623
85.6892845489 3.2414204553 10.4501670675 -1e-08 306887 0.1506
54.8183092874 3.29407406057 10.5127498066 -1e-08 306960 0.1506
62.544340282 3.34568080839 10.5232566328 -1e-08 306930 0.152
83.358479353 3.39401428074 10.4992265527 -1e-08 306860 0.1515
90.8168344564 3.45488439381 10.5501923703 -1e-08 306899 0.1491
80.5293947412 3.52240015249 10.5926643921 -1e-08 306870 0.1567
99.9620508179 3.58583867042 10.5783137716 -1e-08 306811 0.1532
54.2294693991 3.63753444191 10.6023533232 -1e-08 306951 0.154
78.7795923458 3.68548976551 10.6162536369 -1e-08 306903 0.1511
76.9425515385 3.73321352173 10.6295188071 -1e-08 306898 0.1646
55.4024679341 3.77958712361 10.6266291115 -1e-08 306937 0.1514
48.1099525257 3.8318627137 10.6816661268 -1e-08 306945 0.1343
82.2193678164 3.88775272597 10.6474461478 -1e-08 306867 0.1466
67.1575853049 3.93296278565 10.6530189501 -1e-08 306930 0.1532
76.3149402829 3.98041257403 10.6635355829 -1e-08 306937 0.1443
46.426578288 4.02716800176 10.6915893018 -1e-08 306973 0.155
104.923729105 4.08712796483 10.7341717742 -1e-08 306840 0.1431
80.8676118356 4.14886586554 10.7823818045 -1e-08 306885 0.142
66.5340031224 4.1891280675 10.7192748684 -1e-08 306888 0.142
55.0344244493 4.23171297981 10.7212912152 -1e-08 306942 0.1303
82.7732898588 4.28049473761 10.7135250973 -1e-08 30688